sinavideo_playerdemo/build/outputs/logs/manifest-merger-debug-report.txt
-- Merging decision tree log ---
manifest
ADDED from ImportOtherLib\sinavideo_playerdemo\AndroidManifest.xml:1:1-92:12
	xmlns:android
		ADDED from ImportOtherLib\sinavideo_playerdemo\AndroidManifest.xml:1:11-69
	package
		ADDED from ImportOtherLib\sinavideo_playerdemo\AndroidManifest.xml:2:5-37
	android:versionName
		ADDED from ImportOtherLib\sinavideo_playerdemo\AndroidManifest.xml:4:5-30
		INJECTED from ImportOtherLib\sinavideo_playerdemo\AndroidManifest.xml
		INJECTED from ImportOtherLib\sinavideo_playerdemo\AndroidManifest.xml
	android:versionCode
		ADDED from ImportOtherLib\sinavideo_playerdemo\AndroidManifest.xml:3:5-28
		INJECTED from ImportOtherLib\sinavideo_playerdemo\AndroidManifest.xml
		INJECTED from ImportOtherLib\sinavideo_playerdemo\AndroidManifest.xml
uses-sdk
ADDED from ImportOtherLib\sinavideo_playerdemo\AndroidManifest.xml:6:5-8:41
MERGED from [ImportOtherLib:sinavideo_playersdk_v2.0:unspecified] AndroidManifest.xml:7:5-9:41
MERGED from [ImportOtherLib:sinavideo_playercore_v2.0:unspecified] AndroidManifest.xml:7:5-9:41
	android:targetSdkVersion
		ADDED from ImportOtherLib\sinavideo_playerdemo\AndroidManifest.xml:8:9-38
	android:minSdkVersion
		ADDED from ImportOtherLib\sinavideo_playerdemo\AndroidManifest.xml:7:9-34
uses-permission#android.permission.INTERNET
ADDED from ImportOtherLib\sinavideo_playerdemo\AndroidManifest.xml:10:5-67
	android:name
		ADDED from ImportOtherLib\sinavideo_playerdemo\AndroidManifest.xml:10:22-64
uses-permission#android.permission.CHANGE_CONFIGURATION
ADDED from ImportOtherLib\sinavideo_playerdemo\AndroidManifest.xml:11:5-79
	android:name
		ADDED from ImportOtherLib\sinavideo_playerdemo\AndroidManifest.xml:11:22-76
uses-permission#android.permission.WAKE_LOCK
ADDED from ImportOtherLib\sinavideo_playerdemo\AndroidManifest.xml:12:5-68
	android:name
		ADDED from ImportOtherLib\sinavideo_playerdemo\AndroidManifest.xml:12:22-65
uses-permission#android.permission.ACCESS_NETWORK_STATE
ADDED from ImportOtherLib\sinavideo_playerdemo\AndroidManifest.xml:13:5-79
	android:name
		ADDED from ImportOtherLib\sinavideo_playerdemo\AndroidManifest.xml:13:22-76
uses-permission#android.permission.WRITE_SETTINGS
ADDED from ImportOtherLib\sinavideo_playerdemo\AndroidManifest.xml:14:5-73
	android:name
		ADDED from ImportOtherLib\sinavideo_playerdemo\AndroidManifest.xml:14:22-70
uses-permission#android.permission.READ_EXTERNAL_STORAGE
ADDED from ImportOtherLib\sinavideo_playerdemo\AndroidManifest.xml:15:5-80
	android:name
		ADDED from ImportOtherLib\sinavideo_playerdemo\AndroidManifest.xml:15:22-77
application
ADDED from ImportOtherLib\sinavideo_playerdemo\AndroidManifest.xml:17:5-90:19
	android:label
		ADDED from ImportOtherLib\sinavideo_playerdemo\AndroidManifest.xml:21:9-41
	android:allowBackup
		ADDED from ImportOtherLib\sinavideo_playerdemo\AndroidManifest.xml:19:9-35
	android:icon
		ADDED from ImportOtherLib\sinavideo_playerdemo\AndroidManifest.xml:20:9-45
	android:theme
		ADDED from ImportOtherLib\sinavideo_playerdemo\AndroidManifest.xml:22:9-40
	android:name
		ADDED from ImportOtherLib\sinavideo_playerdemo\AndroidManifest.xml:18:9-60
activity#com.sina.playerdemo_v2.MainActivity
ADDED from ImportOtherLib\sinavideo_playerdemo\AndroidManifest.xml:23:9-31:20
	android:screenOrientation
		ADDED from ImportOtherLib\sinavideo_playerdemo\AndroidManifest.xml:25:13-49
	android:name
		ADDED from ImportOtherLib\sinavideo_playerdemo\AndroidManifest.xml:24:13-63
intent-filter#android.intent.action.MAIN+android.intent.category.LAUNCHER
ADDED from ImportOtherLib\sinavideo_playerdemo\AndroidManifest.xml:26:13-30:29
action#android.intent.action.MAIN
ADDED from ImportOtherLib\sinavideo_playerdemo\AndroidManifest.xml:27:17-69
	android:name
		ADDED from ImportOtherLib\sinavideo_playerdemo\AndroidManifest.xml:27:25-66
category#android.intent.category.LAUNCHER
ADDED from ImportOtherLib\sinavideo_playerdemo\AndroidManifest.xml:29:17-77
	android:name
		ADDED from ImportOtherLib\sinavideo_playerdemo\AndroidManifest.xml:29:27-74
activity#com.sina.playerdemo_v2.activity.Test1Activity
ADDED from ImportOtherLib\sinavideo_playerdemo\AndroidManifest.xml:32:9-35:20
	android:configChanges
		ADDED from ImportOtherLib\sinavideo_playerdemo\AndroidManifest.xml:34:13-74
	android:name
		ADDED from ImportOtherLib\sinavideo_playerdemo\AndroidManifest.xml:33:13-73
activity#com.sina.playerdemo_v2.activity.SimpleTestActivity
ADDED from ImportOtherLib\sinavideo_playerdemo\AndroidManifest.xml:36:9-39:20
	android:configChanges
		ADDED from ImportOtherLib\sinavideo_playerdemo\AndroidManifest.xml:38:13-74
	android:name
		ADDED from ImportOtherLib\sinavideo_playerdemo\AndroidManifest.xml:37:13-78
activity#com.sina.playerdemo_v2.activity.SinaVideoActivity
ADDED from ImportOtherLib\sinavideo_playerdemo\AndroidManifest.xml:40:9-43:20
	android:configChanges
		ADDED from ImportOtherLib\sinavideo_playerdemo\AndroidManifest.xml:42:13-74
	android:name
		ADDED from ImportOtherLib\sinavideo_playerdemo\AndroidManifest.xml:41:13-77
activity#com.sina.playerdemo_v2.activity.TestWebviewActivity
ADDED from ImportOtherLib\sinavideo_playerdemo\AndroidManifest.xml:44:9-47:20
	android:screenOrientation
		ADDED from ImportOtherLib\sinavideo_playerdemo\AndroidManifest.xml:46:13-49
	android:name
		ADDED from ImportOtherLib\sinavideo_playerdemo\AndroidManifest.xml:45:13-79
activity#com.sina.playerdemo_v2.activity.Test2Activity
ADDED from ImportOtherLib\sinavideo_playerdemo\AndroidManifest.xml:48:9-51:20
	android:screenOrientation
		ADDED from ImportOtherLib\sinavideo_playerdemo\AndroidManifest.xml:50:13-49
	android:name
		ADDED from ImportOtherLib\sinavideo_playerdemo\AndroidManifest.xml:49:13-73
activity#com.sina.playerdemo_v2.activity.TestSimpleADActivity
ADDED from ImportOtherLib\sinavideo_playerdemo\AndroidManifest.xml:52:9-55:20
	android:configChanges
		ADDED from ImportOtherLib\sinavideo_playerdemo\AndroidManifest.xml:54:13-74
	android:name
		ADDED from ImportOtherLib\sinavideo_playerdemo\AndroidManifest.xml:53:13-80
activity#com.sina.playerdemo_v2.activity.TestMultiADActivity
ADDED from ImportOtherLib\sinavideo_playerdemo\AndroidManifest.xml:56:9-59:20
	android:configChanges
		ADDED from ImportOtherLib\sinavideo_playerdemo\AndroidManifest.xml:58:13-74
	android:name
		ADDED from ImportOtherLib\sinavideo_playerdemo\AndroidManifest.xml:57:13-79
activity#com.sina.playerdemo_v2.activity.OnlyHorizonActivity
ADDED from ImportOtherLib\sinavideo_playerdemo\AndroidManifest.xml:60:9-64:20
	android:screenOrientation
		ADDED from ImportOtherLib\sinavideo_playerdemo\AndroidManifest.xml:63:13-56
	android:configChanges
		ADDED from ImportOtherLib\sinavideo_playerdemo\AndroidManifest.xml:62:13-74
	android:name
		ADDED from ImportOtherLib\sinavideo_playerdemo\AndroidManifest.xml:61:13-79
activity#com.sina.playerdemo_v2.activity.TestSinaNewsActivity
ADDED from ImportOtherLib\sinavideo_playerdemo\AndroidManifest.xml:65:9-69:20
	android:screenOrientation
		ADDED from ImportOtherLib\sinavideo_playerdemo\AndroidManifest.xml:68:13-49
	android:configChanges
		ADDED from ImportOtherLib\sinavideo_playerdemo\AndroidManifest.xml:67:13-74
	android:name
		ADDED from ImportOtherLib\sinavideo_playerdemo\AndroidManifest.xml:66:13-80
activity#com.sina.playerdemo_v2.activity.TestM3u8Activity
ADDED from ImportOtherLib\sinavideo_playerdemo\AndroidManifest.xml:70:9-73:20
	android:configChanges
		ADDED from ImportOtherLib\sinavideo_playerdemo\AndroidManifest.xml:72:13-74
	android:name
		ADDED from ImportOtherLib\sinavideo_playerdemo\AndroidManifest.xml:71:13-76
activity#com.sina.playerdemo_v2.activity.TestAutoSaveActivity
ADDED from ImportOtherLib\sinavideo_playerdemo\AndroidManifest.xml:74:9-77:20
	android:configChanges
		ADDED from ImportOtherLib\sinavideo_playerdemo\AndroidManifest.xml:76:13-74
	android:name
		ADDED from ImportOtherLib\sinavideo_playerdemo\AndroidManifest.xml:75:13-80
activity#com.sina.playerdemo_v2.activity.TestVIDVMS
ADDED from ImportOtherLib\sinavideo_playerdemo\AndroidManifest.xml:78:9-81:20
	android:configChanges
		ADDED from ImportOtherLib\sinavideo_playerdemo\AndroidManifest.xml:80:13-74
	android:name
		ADDED from ImportOtherLib\sinavideo_playerdemo\AndroidManifest.xml:79:13-70
activity#com.sina.playerdemo_v2.activity.TestVidADVActivity
ADDED from ImportOtherLib\sinavideo_playerdemo\AndroidManifest.xml:82:9-85:20
	android:configChanges
		ADDED from ImportOtherLib\sinavideo_playerdemo\AndroidManifest.xml:84:13-74
	android:name
		ADDED from ImportOtherLib\sinavideo_playerdemo\AndroidManifest.xml:83:13-78
activity#com.sina.playerdemo_v2.activity.TestListActivity
ADDED from ImportOtherLib\sinavideo_playerdemo\AndroidManifest.xml:86:9-89:20
	android:configChanges
		ADDED from ImportOtherLib\sinavideo_playerdemo\AndroidManifest.xml:88:13-74
	android:name
		ADDED from ImportOtherLib\sinavideo_playerdemo\AndroidManifest.xml:87:13-76